vti_encoding:SR|utf8-nl
vti_timelastmodified:TR|21 Jan 2008 06:08:38 -0000
vti_extenderversion:SR|5.0.2.2634
vti_cacheddtm:TX|21 Jan 2008 06:08:38 -0000
vti_filesize:IR|15058
vti_backlinkinfo:VX|
2008.09.04 10:07 B F:\mysql ins cpy\wamp\www\corex\item\_vti_cnf\WS_FTP.LOG <-- 67.15.125.9 /var/www/html/item/_vti_cnf WS_FTP.LOG
2008.09.04 10:54 B F:\mysql ins cpy\wamp\www\corex\item\_vti_cnf\11_17.jpg --> www.corexbd.com /public_html/item/_vti_cnf 11_17.jpg
2008.09.04 10:54 B F:\mysql ins cpy\wamp\www\corex\item\_vti_cnf\about.jpg --> www.corexbd.com /public_html/item/_vti_cnf about.jpg
2008.09.04 10:54 B F:\mysql ins cpy\wamp\www\corex\item\_vti_cnf\about01.jpg --> www.corexbd.com /public_html/item/_vti_cnf about01.jpg
2008.09.04 10:54 B F:\mysql ins cpy\wamp\www\corex\item\_vti_cnf\about03.jpg --> www.corexbd.com /public_html/item/_vti_cnf about03.jpg
2008.09.04 10:54 B F:\mysql ins cpy\wamp\www\corex\item\_vti_cnf\ani012.jpg --> www.corexbd.com /public_html/item/_vti_cnf ani012.jpg
2008.09.04 10:54 B F:\mysql ins cpy\wamp\www\corex\item\_vti_cnf\ani07.jpg --> www.corexbd.com /public_html/item/_vti_cnf ani07.jpg
2008.09.04 10:54 B F:\mysql ins cpy\wamp\www\corex\item\_vti_cnf\ani08.jpg --> www.corexbd.com /public_html/item/_vti_cnf ani08.jpg
2008.09.04 10:54 B F:\mysql ins cpy\wamp\www\corex\item\_vti_cnf\bg_head.gif --> www.corexbd.com /public_html/item/_vti_cnf bg_head.gif
2008.09.04 10:54 B F:\mysql ins cpy\wamp\www\corex\item\_vti_cnf\bullet_blue.gif --> www.corexbd.com /public_html/item/_vti_cnf bullet_blue.gif
2008.09.04 10:54 B F:\mysql ins cpy\wamp\www\corex\item\_vti_cnf\bullet_yellow.gif --> www.corexbd.com /public_html/item/_vti_cnf bullet_yellow.gif
2008.09.04 10:54 B F:\mysql ins cpy\wamp\www\corex\item\_vti_cnf\centralbarisal.jpg --> www.corexbd.com /public_html/item/_vti_cnf centralbarisal.jpg
2008.09.04 10:54 B F:\mysql ins cpy\wamp\www\corex\item\_vti_cnf\centralchittagong.jpg --> www.corexbd.com /public_html/item/_vti_cnf centralchittagong.jpg
2008.09.04 10:54 B F:\mysql ins cpy\wamp\www\corex\item\_vti_cnf\centraldhaka.jpg --> www.corexbd.com /public_html/item/_vti_cnf centraldhaka.jpg
2008.09.04 10:54 B F:\mysql ins cpy\wamp\www\corex\item\_vti_cnf\centralkhulna.jpg --> www.corexbd.com /public_html/item/_vti_cnf centralkhulna.jpg
2008.09.04 10:54 B F:\mysql ins cpy\wamp\www\corex\item\_vti_cnf\centralmap.jpg --> www.corexbd.com /public_html/item/_vti_cnf centralmap.jpg
2008.09.04 10:54 B F:\mysql ins cpy\wamp\www\corex\item\_vti_cnf\centralrajshahi.jpg --> www.corexbd.com /public_html/item/_vti_cnf centralrajshahi.jpg
2008.09.04 10:54 B F:\mysql ins cpy\wamp\www\corex\item\_vti_cnf\centralsylhet.jpg --> www.corexbd.com /public_html/item/_vti_cnf centralsylhet.jpg
2008.09.04 10:54 B F:\mysql ins cpy\wamp\www\corex\item\_vti_cnf\contact01.jpg --> www.corexbd.com /public_html/item/_vti_cnf contact01.jpg
2008.09.04 10:54 B F:\mysql ins cpy\wamp\www\corex\item\_vti_cnf\contact02.jpg --> www.corexbd.com /public_html/item/_vti_cnf contact02.jpg
2008.09.04 10:54 B F:\mysql ins cpy\wamp\www\corex\item\_vti_cnf\contact03.jpg --> www.corexbd.com /public_html/item/_vti_cnf contact03.jpg
2008.09.04 10:54 B F:\mysql ins cpy\wamp\www\corex\item\_vti_cnf\corex01.jpg --> www.corexbd.com /public_html/item/_vti_cnf corex01.jpg
2008.09.04 10:54 B F:\mysql ins cpy\wamp\www\corex\item\_vti_cnf\corex02.jpg --> www.corexbd.com /public_html/item/_vti_cnf corex02.jpg
2008.09.04 10:54 B F:\mysql ins cpy\wamp\www\corex\item\_vti_cnf\corex03.jpg --> www.corexbd.com /public_html/item/_vti_cnf corex03.jpg
2008.09.04 10:54 B F:\mysql ins cpy\wamp\www\corex\item\_vti_cnf\corex04.jpg --> www.corexbd.com /public_html/item/_vti_cnf corex04.jpg
2008.09.04 10:54 B F:\mysql ins cpy\wamp\www\corex\item\_vti_cnf\corexbarisal.jpg --> www.corexbd.com /public_html/item/_vti_cnf corexbarisal.jpg
2008.09.04 10:54 B F:\mysql ins cpy\wamp\www\corex\item\_vti_cnf\corexchittagong.jpg --> www.corexbd.com /public_html/item/_vti_cnf corexchittagong.jpg
2008.09.04 10:54 B F:\mysql ins cpy\wamp\www\corex\item\_vti_cnf\corexdhaka.gif --> www.corexbd.com /public_html/item/_vti_cnf corexdhaka.gif
2008.09.04 10:54 B F:\mysql ins cpy\wamp\www\corex\item\_vti_cnf\corexkhulna.jpg --> www.corexbd.com /public_html/item/_vti_cnf corexkhulna.jpg
2008.09.04 10:54 B F:\mysql ins cpy\wamp\www\corex\item\_vti_cnf\corexrajshahi.jpg --> www.corexbd.com /public_html/item/_vti_cnf corexrajshahi.jpg
2008.09.04 10:54 B F:\mysql ins cpy\wamp\www\corex\item\_vti_cnf\corexsylhet.jpg --> www.corexbd.com /public_html/item/_vti_cnf corexsylhet.jpg
2008.09.04 10:54 B F:\mysql ins cpy\wamp\www\corex\item\_vti_cnf\corextop.jpg --> www.corexbd.com /public_html/item/_vti_cnf corextop.jpg
2008.09.04 10:54 B F:\mysql ins cpy\wamp\www\corex\item\_vti_cnf\home01.jpg --> www.corexbd.com /public_html/item/_vti_cnf home01.jpg
2008.09.04 10:54 B F:\mysql ins cpy\wamp\www\corex\item\_vti_cnf\home02.jpg --> www.corexbd.com /public_html/item/_vti_cnf home02.jpg
2008.09.04 10:54 B F:\mysql ins cpy\wamp\www\corex\item\_vti_cnf\home03.jpg --> www.corexbd.com /public_html/item/_vti_cnf home03.jpg
2008.09.04 10:54 B F:\mysql ins cpy\wamp\www\corex\item\_vti_cnf\home04.jpg --> www.corexbd.com /public_html/item/_vti_cnf home04.jpg
2008.09.04 10:55 B F:\mysql ins cpy\wamp\www\corex\item\_vti_cnf\jumbo-13.gif --> www.corexbd.com /public_html/item/_vti_cnf jumbo-13.gif
2008.09.04 10:55 B F:\mysql ins cpy\wamp\www\corex\item\_vti_cnf\logo.jpg --> www.corexbd.com /public_html/item/_vti_cnf logo.jpg
2008.09.04 10:55 B F:\mysql ins cpy\wamp\www\corex\item\_vti_cnf\logo.png --> www.corexbd.com /public_html/item/_vti_cnf logo.png
2008.09.04 10:55 B F:\mysql ins cpy\wamp\www\corex\item\_vti_cnf\main.jpg --> www.corexbd.com /public_html/item/_vti_cnf main.jpg
2008.09.04 10:55 B F:\mysql ins cpy\wamp\www\corex\item\_vti_cnf\map.jpg --> www.corexbd.com /public_html/item/_vti_cnf map.jpg
2008.09.04 10:55 B F:\mysql ins cpy\wamp\www\corex\item\_vti_cnf\menu_sep.gif --> www.corexbd.com /public_html/item/_vti_cnf menu_sep.gif
2008.09.04 10:55 B F:\mysql ins cpy\wamp\www\corex\item\_vti_cnf\net01.jpg --> www.corexbd.com /public_html/item/_vti_cnf net01.jpg
2008.09.04 10:55 B F:\mysql ins cpy\wamp\www\corex\item\_vti_cnf\net02.jpg --> www.corexbd.com /public_html/item/_vti_cnf net02.jpg
2008.09.04 10:55 B F:\mysql ins cpy\wamp\www\corex\item\_vti_cnf\office.jpg --> www.corexbd.com /public_html/item/_vti_cnf office.jpg
2008.09.04 10:55 B F:\mysql ins cpy\wamp\www\corex\item\_vti_cnf\office02.jpg --> www.corexbd.com /public_html/item/_vti_cnf office02.jpg
2008.09.04 10:55 B F:\mysql ins cpy\wamp\www\corex\item\_vti_cnf\point.jpg --> www.corexbd.com /public_html/item/_vti_cnf point.jpg
2008.09.04 10:55 B F:\mysql ins cpy\wamp\www\corex\item\_vti_cnf\point2.jpg --> www.corexbd.com /public_html/item/_vti_cnf point2.jpg
2008.09.04 10:55 B F:\mysql ins cpy\wamp\www\corex\item\_vti_cnf\point3.jpg --> www.corexbd.com /public_html/item/_vti_cnf point3.jpg
2008.09.04 10:55 B F:\mysql ins cpy\wamp\www\corex\item\_vti_cnf\service01.jpg --> www.corexbd.com /public_html/item/_vti_cnf service01.jpg
2008.09.04 10:55 B F:\mysql ins cpy\wamp\www\corex\item\_vti_cnf\service02.jpg --> www.corexbd.com /public_html/item/_vti_cnf service02.jpg
2008.09.04 10:55 B F:\mysql ins cpy\wamp\www\corex\item\_vti_cnf\service03.jpg --> www.corexbd.com /public_html/item/_vti_cnf service03.jpg
2008.09.04 10:55 B F:\mysql ins cpy\wamp\www\corex\item\_vti_cnf\service04.jpg --> www.corexbd.com /public_html/item/_vti_cnf service04.jpg
2008.09.04 10:55 B F:\mysql ins cpy\wamp\www\corex\item\_vti_cnf\service05.jpg --> www.corexbd.com /public_html/item/_vti_cnf service05.jpg
2008.09.04 10:55 B F:\mysql ins cpy\wamp\www\corex\item\_vti_cnf\service06.jpg --> www.corexbd.com /public_html/item/_vti_cnf service06.jpg
2008.09.04 10:55 B F:\mysql ins cpy\wamp\www\corex\item\_vti_cnf\service07.jpg --> www.corexbd.com /public_html/item/_vti_cnf service07.jpg
2008.09.04 10:55 B F:\mysql ins cpy\wamp\www\corex\item\_vti_cnf\service08.jpg --> www.corexbd.com /public_html/item/_vti_cnf service08.jpg
2008.09.04 10:55 B F:\mysql ins cpy\wamp\www\corex\item\_vti_cnf\temp01.jpg --> www.corexbd.com /public_html/item/_vti_cnf temp01.jpg
2008.09.04 10:55 B F:\mysql ins cpy\wamp\www\corex\item\_vti_cnf\top.jpg --> www.corexbd.com /public_html/item/_vti_cnf top.jpg
