2003.01.01 21:32 B F:\upload\sal\corex_site on Alam\item\about.jpg --> www.corexbd.com /var/www/html/corex_new/item about.jpg
2003.01.01 21:32 B F:\upload\sal\corex_site on Alam\item\about01.jpg --> www.corexbd.com /var/www/html/corex_new/item about01.jpg
2003.01.01 21:32 B F:\upload\sal\corex_site on Alam\item\about03.jpg --> www.corexbd.com /var/www/html/corex_new/item about03.jpg
2003.01.01 21:32 B F:\upload\sal\corex_site on Alam\item\ani012.jpg --> www.corexbd.com /var/www/html/corex_new/item ani012.jpg
2003.01.01 21:32 B F:\upload\sal\corex_site on Alam\item\ani07.jpg --> www.corexbd.com /var/www/html/corex_new/item ani07.jpg
2003.01.01 21:32 B F:\upload\sal\corex_site on Alam\item\ani08.jpg --> www.corexbd.com /var/www/html/corex_new/item ani08.jpg
2003.01.01 21:32 B F:\upload\sal\corex_site on Alam\item\bg_head.gif --> www.corexbd.com /var/www/html/corex_new/item bg_head.gif
2003.01.01 21:32 B F:\upload\sal\corex_site on Alam\item\bullet_blue.gif --> www.corexbd.com /var/www/html/corex_new/item bullet_blue.gif
2003.01.01 21:32 B F:\upload\sal\corex_site on Alam\item\bullet_yellow.gif --> www.corexbd.com /var/www/html/corex_new/item bullet_yellow.gif
2003.01.01 21:32 B F:\upload\sal\corex_site on Alam\item\centralbarisal.jpg --> www.corexbd.com /var/www/html/corex_new/item centralbarisal.jpg
2003.01.01 21:32 B F:\upload\sal\corex_site on Alam\item\centralchittagong.jpg --> www.corexbd.com /var/www/html/corex_new/item centralchittagong.jpg
2003.01.01 21:32 B F:\upload\sal\corex_site on Alam\item\centraldhaka.jpg --> www.corexbd.com /var/www/html/corex_new/item centraldhaka.jpg
2003.01.01 21:32 B F:\upload\sal\corex_site on Alam\item\centralkhulna.jpg --> www.corexbd.com /var/www/html/corex_new/item centralkhulna.jpg
2003.01.01 21:33 B F:\upload\sal\corex_site on Alam\item\centralmap.jpg --> www.corexbd.com /var/www/html/corex_new/item centralmap.jpg
2003.01.01 21:33 B F:\upload\sal\corex_site on Alam\item\centralrajshahi.jpg --> www.corexbd.com /var/www/html/corex_new/item centralrajshahi.jpg
2003.01.01 21:33 B F:\upload\sal\corex_site on Alam\item\centralsylhet.jpg --> www.corexbd.com /var/www/html/corex_new/item centralsylhet.jpg
2003.01.01 21:33 B F:\upload\sal\corex_site on Alam\item\contact01.jpg --> www.corexbd.com /var/www/html/corex_new/item contact01.jpg
2003.01.01 21:33 B F:\upload\sal\corex_site on Alam\item\contact02.jpg --> www.corexbd.com /var/www/html/corex_new/item contact02.jpg
2003.01.01 21:33 B F:\upload\sal\corex_site on Alam\item\contact03.jpg --> www.corexbd.com /var/www/html/corex_new/item contact03.jpg
2003.01.01 21:33 B F:\upload\sal\corex_site on Alam\item\corex01.jpg --> www.corexbd.com /var/www/html/corex_new/item corex01.jpg
2003.01.01 21:33 B F:\upload\sal\corex_site on Alam\item\corex02.jpg --> www.corexbd.com /var/www/html/corex_new/item corex02.jpg
2003.01.01 21:33 B F:\upload\sal\corex_site on Alam\item\corex03.jpg --> www.corexbd.com /var/www/html/corex_new/item corex03.jpg
2003.01.01 21:33 B F:\upload\sal\corex_site on Alam\item\corex04.jpg --> www.corexbd.com /var/www/html/corex_new/item corex04.jpg
2003.01.01 21:33 B F:\upload\sal\corex_site on Alam\item\corextop.jpg --> www.corexbd.com /var/www/html/corex_new/item corextop.jpg
2003.01.01 21:33 B F:\upload\sal\corex_site on Alam\item\home01.jpg --> www.corexbd.com /var/www/html/corex_new/item home01.jpg
2003.01.01 21:33 B F:\upload\sal\corex_site on Alam\item\home02.jpg --> www.corexbd.com /var/www/html/corex_new/item home02.jpg
2003.01.01 21:33 B F:\upload\sal\corex_site on Alam\item\home03.jpg --> www.corexbd.com /var/www/html/corex_new/item home03.jpg
2003.01.01 21:33 B F:\upload\sal\corex_site on Alam\item\home04.jpg --> www.corexbd.com /var/www/html/corex_new/item home04.jpg
2003.01.01 21:33 B F:\upload\sal\corex_site on Alam\item\jumbo-13.gif --> www.corexbd.com /var/www/html/corex_new/item jumbo-13.gif
2003.01.01 21:34 B F:\upload\sal\corex_site on Alam\item\logo.jpg --> www.corexbd.com /var/www/html/corex_new/item logo.jpg
2003.01.01 21:34 B F:\upload\sal\corex_site on Alam\item\main.jpg --> www.corexbd.com /var/www/html/corex_new/item main.jpg
2003.01.01 21:34 B F:\upload\sal\corex_site on Alam\item\map.jpg --> www.corexbd.com /var/www/html/corex_new/item map.jpg
2003.01.01 21:34 B F:\upload\sal\corex_site on Alam\item\menu_sep.gif --> www.corexbd.com /var/www/html/corex_new/item menu_sep.gif
2003.01.01 21:34 B F:\upload\sal\corex_site on Alam\item\net01.jpg --> www.corexbd.com /var/www/html/corex_new/item net01.jpg
2003.01.01 21:34 B F:\upload\sal\corex_site on Alam\item\net02.jpg --> www.corexbd.com /var/www/html/corex_new/item net02.jpg
2003.01.01 21:34 B F:\upload\sal\corex_site on Alam\item\office.jpg --> www.corexbd.com /var/www/html/corex_new/item office.jpg
2003.01.01 21:34 B F:\upload\sal\corex_site on Alam\item\point.jpg --> www.corexbd.com /var/www/html/corex_new/item point.jpg
2003.01.01 21:34 B F:\upload\sal\corex_site on Alam\item\point2.jpg --> www.corexbd.com /var/www/html/corex_new/item point2.jpg
2003.01.01 21:34 B F:\upload\sal\corex_site on Alam\item\service01.jpg --> www.corexbd.com /var/www/html/corex_new/item service01.jpg
2003.01.01 21:34 B F:\upload\sal\corex_site on Alam\item\service02.jpg --> www.corexbd.com /var/www/html/corex_new/item service02.jpg
2003.01.01 21:34 B F:\upload\sal\corex_site on Alam\item\service03.jpg --> www.corexbd.com /var/www/html/corex_new/item service03.jpg
2003.01.01 21:34 B F:\upload\sal\corex_site on Alam\item\service04.jpg --> www.corexbd.com /var/www/html/corex_new/item service04.jpg
2003.01.01 21:34 B F:\upload\sal\corex_site on Alam\item\service05.jpg --> www.corexbd.com /var/www/html/corex_new/item service05.jpg
2003.01.01 21:34 B F:\upload\sal\corex_site on Alam\item\service06.jpg --> www.corexbd.com /var/www/html/corex_new/item service06.jpg
2003.01.01 21:34 B F:\upload\sal\corex_site on Alam\item\service07.jpg --> www.corexbd.com /var/www/html/corex_new/item service07.jpg
2003.01.01 21:34 B F:\upload\sal\corex_site on Alam\item\service08.jpg --> www.corexbd.com /var/www/html/corex_new/item service08.jpg
2003.01.01 21:35 B F:\upload\sal\corex_site on Alam\item\Thumbs.db --> www.corexbd.com /var/www/html/corex_new/item Thumbs.db
2003.01.01 21:38 B F:\upload\sal\corex_site on Alam\item\about.jpg --> www.corexbd.com /var/www/html/item about.jpg
2003.01.01 21:38 B F:\upload\sal\corex_site on Alam\item\about01.jpg --> www.corexbd.com /var/www/html/item about01.jpg
2003.01.01 21:38 B F:\upload\sal\corex_site on Alam\item\about03.jpg --> www.corexbd.com /var/www/html/item about03.jpg
2003.01.01 21:38 B F:\upload\sal\corex_site on Alam\item\ani012.jpg --> www.corexbd.com /var/www/html/item ani012.jpg
2003.01.01 21:38 B F:\upload\sal\corex_site on Alam\item\ani07.jpg --> www.corexbd.com /var/www/html/item ani07.jpg
2003.01.01 21:38 B F:\upload\sal\corex_site on Alam\item\ani08.jpg --> www.corexbd.com /var/www/html/item ani08.jpg
2003.01.01 21:38 B F:\upload\sal\corex_site on Alam\item\bg_head.gif --> www.corexbd.com /var/www/html/item bg_head.gif
2003.01.01 21:38 B F:\upload\sal\corex_site on Alam\item\bullet_blue.gif --> www.corexbd.com /var/www/html/item bullet_blue.gif
2003.01.01 21:38 B F:\upload\sal\corex_site on Alam\item\bullet_yellow.gif --> www.corexbd.com /var/www/html/item bullet_yellow.gif
2003.01.01 21:38 B F:\upload\sal\corex_site on Alam\item\centralbarisal.jpg --> www.corexbd.com /var/www/html/item centralbarisal.jpg
2003.01.01 21:38 B F:\upload\sal\corex_site on Alam\item\centralchittagong.jpg --> www.corexbd.com /var/www/html/item centralchittagong.jpg
2003.01.01 21:38 B F:\upload\sal\corex_site on Alam\item\centraldhaka.jpg --> www.corexbd.com /var/www/html/item centraldhaka.jpg
2003.01.01 21:38 B F:\upload\sal\corex_site on Alam\item\centralkhulna.jpg --> www.corexbd.com /var/www/html/item centralkhulna.jpg
2003.01.01 21:39 B F:\upload\sal\corex_site on Alam\item\centralmap.jpg --> www.corexbd.com /var/www/html/item centralmap.jpg
2003.01.01 21:39 B F:\upload\sal\corex_site on Alam\item\centralrajshahi.jpg --> www.corexbd.com /var/www/html/item centralrajshahi.jpg
2003.01.01 21:39 B F:\upload\sal\corex_site on Alam\item\centralsylhet.jpg --> www.corexbd.com /var/www/html/item centralsylhet.jpg
2003.01.01 21:39 B F:\upload\sal\corex_site on Alam\item\contact01.jpg --> www.corexbd.com /var/www/html/item contact01.jpg
2003.01.01 21:39 B F:\upload\sal\corex_site on Alam\item\contact02.jpg --> www.corexbd.com /var/www/html/item contact02.jpg
2003.01.01 21:39 B F:\upload\sal\corex_site on Alam\item\contact03.jpg --> www.corexbd.com /var/www/html/item contact03.jpg
2003.01.01 21:39 B F:\upload\sal\corex_site on Alam\item\corex01.jpg --> www.corexbd.com /var/www/html/item corex01.jpg
2003.01.01 21:39 B F:\upload\sal\corex_site on Alam\item\corex02.jpg --> www.corexbd.com /var/www/html/item corex02.jpg
2003.01.01 21:39 B F:\upload\sal\corex_site on Alam\item\corex03.jpg --> www.corexbd.com /var/www/html/item corex03.jpg
2003.01.01 21:39 B F:\upload\sal\corex_site on Alam\item\corex04.jpg --> www.corexbd.com /var/www/html/item corex04.jpg
2003.01.01 21:39 B F:\upload\sal\corex_site on Alam\item\corextop.jpg --> www.corexbd.com /var/www/html/item corextop.jpg
2003.01.01 21:40 B F:\upload\sal\corex_site on Alam\item\home01.jpg --> www.corexbd.com /var/www/html/item home01.jpg
2003.01.01 21:45 B F:\upload\sal\corex_site on Alam\item\about.jpg --> www.corexbd.com /var/www/html/item about.jpg
2003.01.01 21:45 B F:\upload\sal\corex_site on Alam\item\about01.jpg --> www.corexbd.com /var/www/html/item about01.jpg
2003.01.01 21:45 B F:\upload\sal\corex_site on Alam\item\about03.jpg --> www.corexbd.com /var/www/html/item about03.jpg
2003.01.01 21:45 B F:\upload\sal\corex_site on Alam\item\ani012.jpg --> www.corexbd.com /var/www/html/item ani012.jpg
2003.01.01 21:45 B F:\upload\sal\corex_site on Alam\item\ani07.jpg --> www.corexbd.com /var/www/html/item ani07.jpg
2003.01.01 21:45 B F:\upload\sal\corex_site on Alam\item\ani08.jpg --> www.corexbd.com /var/www/html/item ani08.jpg
2003.01.01 21:45 B F:\upload\sal\corex_site on Alam\item\bg_head.gif --> www.corexbd.com /var/www/html/item bg_head.gif
2003.01.01 21:45 B F:\upload\sal\corex_site on Alam\item\bullet_blue.gif --> www.corexbd.com /var/www/html/item bullet_blue.gif
2003.01.01 21:45 B F:\upload\sal\corex_site on Alam\item\bullet_yellow.gif --> www.corexbd.com /var/www/html/item bullet_yellow.gif
2003.01.01 21:45 B F:\upload\sal\corex_site on Alam\item\centralbarisal.jpg --> www.corexbd.com /var/www/html/item centralbarisal.jpg
2003.01.01 21:45 B F:\upload\sal\corex_site on Alam\item\centralchittagong.jpg --> www.corexbd.com /var/www/html/item centralchittagong.jpg
2003.01.01 21:45 B F:\upload\sal\corex_site on Alam\item\centraldhaka.jpg --> www.corexbd.com /var/www/html/item centraldhaka.jpg
2003.01.01 21:45 B F:\upload\sal\corex_site on Alam\item\centralkhulna.jpg --> www.corexbd.com /var/www/html/item centralkhulna.jpg
2003.01.01 21:46 B F:\upload\sal\corex_site on Alam\item\centralmap.jpg --> www.corexbd.com /var/www/html/item centralmap.jpg
2003.01.01 21:46 B F:\upload\sal\corex_site on Alam\item\centralrajshahi.jpg --> www.corexbd.com /var/www/html/item centralrajshahi.jpg
2003.01.01 21:46 B F:\upload\sal\corex_site on Alam\item\centralsylhet.jpg --> www.corexbd.com /var/www/html/item centralsylhet.jpg
2003.01.01 21:46 B F:\upload\sal\corex_site on Alam\item\contact01.jpg --> www.corexbd.com /var/www/html/item contact01.jpg
2003.01.01 21:46 B F:\upload\sal\corex_site on Alam\item\contact02.jpg --> www.corexbd.com /var/www/html/item contact02.jpg
2003.01.01 21:46 B F:\upload\sal\corex_site on Alam\item\contact03.jpg --> www.corexbd.com /var/www/html/item contact03.jpg
2003.01.01 21:46 B F:\upload\sal\corex_site on Alam\item\corex01.jpg --> www.corexbd.com /var/www/html/item corex01.jpg
2003.01.01 21:46 B F:\upload\sal\corex_site on Alam\item\corex02.jpg --> www.corexbd.com /var/www/html/item corex02.jpg
2003.01.01 21:46 B F:\upload\sal\corex_site on Alam\item\corex03.jpg --> www.corexbd.com /var/www/html/item corex03.jpg
2003.01.01 21:46 B F:\upload\sal\corex_site on Alam\item\corex04.jpg --> www.corexbd.com /var/www/html/item corex04.jpg
2003.01.01 21:46 B F:\upload\sal\corex_site on Alam\item\corextop.jpg --> www.corexbd.com /var/www/html/item corextop.jpg
2003.01.01 21:46 B F:\upload\sal\corex_site on Alam\item\home01.jpg --> www.corexbd.com /var/www/html/item home01.jpg
2003.01.01 21:46 B F:\upload\sal\corex_site on Alam\item\home02.jpg --> www.corexbd.com /var/www/html/item home02.jpg
2003.01.01 21:46 B F:\upload\sal\corex_site on Alam\item\home03.jpg --> www.corexbd.com /var/www/html/item home03.jpg
2003.01.01 21:46 B F:\upload\sal\corex_site on Alam\item\home04.jpg --> www.corexbd.com /var/www/html/item home04.jpg
2003.01.01 21:46 B F:\upload\sal\corex_site on Alam\item\jumbo-13.gif --> www.corexbd.com /var/www/html/item jumbo-13.gif
2003.01.01 21:46 B F:\upload\sal\corex_site on Alam\item\main.jpg --> www.corexbd.com /var/www/html/item main.jpg
2003.01.01 21:47 B F:\upload\sal\corex_site on Alam\item\map.jpg --> www.corexbd.com /var/www/html/item map.jpg
2003.01.01 21:47 B F:\upload\sal\corex_site on Alam\item\menu_sep.gif --> www.corexbd.com /var/www/html/item menu_sep.gif
2003.01.01 21:47 B F:\upload\sal\corex_site on Alam\item\net01.jpg --> www.corexbd.com /var/www/html/item net01.jpg
2003.01.01 21:47 B F:\upload\sal\corex_site on Alam\item\net02.jpg --> www.corexbd.com /var/www/html/item net02.jpg
2003.01.01 21:47 B F:\upload\sal\corex_site on Alam\item\office.jpg --> www.corexbd.com /var/www/html/item office.jpg
2003.01.01 21:47 B F:\upload\sal\corex_site on Alam\item\point.jpg --> www.corexbd.com /var/www/html/item point.jpg
2003.01.01 21:47 B F:\upload\sal\corex_site on Alam\item\point2.jpg --> www.corexbd.com /var/www/html/item point2.jpg
2003.01.01 21:47 B F:\upload\sal\corex_site on Alam\item\service01.jpg --> www.corexbd.com /var/www/html/item service01.jpg
2003.01.01 21:47 B F:\upload\sal\corex_site on Alam\item\service02.jpg --> www.corexbd.com /var/www/html/item service02.jpg
2003.01.01 21:47 B F:\upload\sal\corex_site on Alam\item\service03.jpg --> www.corexbd.com /var/www/html/item service03.jpg
2003.01.01 21:47 B F:\upload\sal\corex_site on Alam\item\service04.jpg --> www.corexbd.com /var/www/html/item service04.jpg
2003.01.01 21:47 B F:\upload\sal\corex_site on Alam\item\service05.jpg --> www.corexbd.com /var/www/html/item service05.jpg
2003.01.01 21:47 B F:\upload\sal\corex_site on Alam\item\service06.jpg --> www.corexbd.com /var/www/html/item service06.jpg
2003.01.01 21:47 B F:\upload\sal\corex_site on Alam\item\service07.jpg --> www.corexbd.com /var/www/html/item service07.jpg
2003.01.01 21:47 B F:\upload\sal\corex_site on Alam\item\service08.jpg --> www.corexbd.com /var/www/html/item service08.jpg
2003.01.01 21:47 B F:\upload\sal\corex_site on Alam\item\Thumbs.db --> www.corexbd.com /var/www/html/item Thumbs.db
2008.09.04 10:10 B F:\mysql ins cpy\wamp\www\corex\item\WS_FTP.LOG <-- 67.15.125.9 /var/www/html/item WS_FTP.LOG
2008.09.04 10:55 B F:\mysql ins cpy\wamp\www\corex\item\11_17.jpg --> www.corexbd.com /public_html/item 11_17.jpg
2008.09.04 10:55 B F:\mysql ins cpy\wamp\www\corex\item\about.jpg --> www.corexbd.com /public_html/item about.jpg
2008.09.04 10:55 B F:\mysql ins cpy\wamp\www\corex\item\about01.jpg --> www.corexbd.com /public_html/item about01.jpg
2008.09.04 10:56 B F:\mysql ins cpy\wamp\www\corex\item\about03.jpg --> www.corexbd.com /public_html/item about03.jpg
2008.09.04 10:56 B F:\mysql ins cpy\wamp\www\corex\item\ani012.jpg --> www.corexbd.com /public_html/item ani012.jpg
2008.09.04 10:56 B F:\mysql ins cpy\wamp\www\corex\item\ani07.jpg --> www.corexbd.com /public_html/item ani07.jpg
2008.09.04 10:56 B F:\mysql ins cpy\wamp\www\corex\item\ani08.jpg --> www.corexbd.com /public_html/item ani08.jpg
2008.09.04 10:56 B F:\mysql ins cpy\wamp\www\corex\item\bg_head.gif --> www.corexbd.com /public_html/item bg_head.gif
2008.09.04 10:56 B F:\mysql ins cpy\wamp\www\corex\item\bullet_blue.gif --> www.corexbd.com /public_html/item bullet_blue.gif
2008.09.04 10:56 B F:\mysql ins cpy\wamp\www\corex\item\bullet_yellow.gif --> www.corexbd.com /public_html/item bullet_yellow.gif
2008.09.04 10:56 B F:\mysql ins cpy\wamp\www\corex\item\centralbarisal.jpg --> www.corexbd.com /public_html/item centralbarisal.jpg
2008.09.04 10:56 B F:\mysql ins cpy\wamp\www\corex\item\centralchittagong.jpg --> www.corexbd.com /public_html/item centralchittagong.jpg
2008.09.04 10:56 B F:\mysql ins cpy\wamp\www\corex\item\centraldhaka.jpg --> www.corexbd.com /public_html/item centraldhaka.jpg
2008.09.04 10:56 B F:\mysql ins cpy\wamp\www\corex\item\centralkhulna.jpg --> www.corexbd.com /public_html/item centralkhulna.jpg
2008.09.04 10:57 B F:\mysql ins cpy\wamp\www\corex\item\centralmap.jpg --> www.corexbd.com /public_html/item centralmap.jpg
2008.09.04 10:57 B F:\mysql ins cpy\wamp\www\corex\item\centralrajshahi.jpg --> www.corexbd.com /public_html/item centralrajshahi.jpg
2008.09.04 10:57 B F:\mysql ins cpy\wamp\www\corex\item\centralsylhet.jpg --> www.corexbd.com /public_html/item centralsylhet.jpg
2008.09.04 10:57 B F:\mysql ins cpy\wamp\www\corex\item\contact01.jpg --> www.corexbd.com /public_html/item contact01.jpg
2008.09.04 10:57 B F:\mysql ins cpy\wamp\www\corex\item\contact02.jpg --> www.corexbd.com /public_html/item contact02.jpg
2008.09.04 10:57 B F:\mysql ins cpy\wamp\www\corex\item\contact03.jpg --> www.corexbd.com /public_html/item contact03.jpg
2008.09.04 10:57 B F:\mysql ins cpy\wamp\www\corex\item\corex01.jpg --> www.corexbd.com /public_html/item corex01.jpg
2008.09.04 10:58 B F:\mysql ins cpy\wamp\www\corex\item\corex02.jpg --> www.corexbd.com /public_html/item corex02.jpg
2008.09.04 10:58 B F:\mysql ins cpy\wamp\www\corex\item\corex03.jpg --> www.corexbd.com /public_html/item corex03.jpg
2008.09.04 10:58 B F:\mysql ins cpy\wamp\www\corex\item\corex04.jpg --> www.corexbd.com /public_html/item corex04.jpg
2008.09.04 10:58 B F:\mysql ins cpy\wamp\www\corex\item\corexbarisal.jpg --> www.corexbd.com /public_html/item corexbarisal.jpg
2008.09.04 10:58 B F:\mysql ins cpy\wamp\www\corex\item\corexchittagong.jpg --> www.corexbd.com /public_html/item corexchittagong.jpg
2008.09.04 10:58 B F:\mysql ins cpy\wamp\www\corex\item\corexdhaka.gif --> www.corexbd.com /public_html/item corexdhaka.gif
2008.09.04 10:58 B F:\mysql ins cpy\wamp\www\corex\item\corexkhulna.jpg --> www.corexbd.com /public_html/item corexkhulna.jpg
2008.09.04 10:58 B F:\mysql ins cpy\wamp\www\corex\item\corexrajshahi.jpg --> www.corexbd.com /public_html/item corexrajshahi.jpg
2008.09.04 10:58 B F:\mysql ins cpy\wamp\www\corex\item\corexsylhet.jpg --> www.corexbd.com /public_html/item corexsylhet.jpg
2008.09.04 10:59 B F:\mysql ins cpy\wamp\www\corex\item\corextop.jpg --> www.corexbd.com /public_html/item corextop.jpg
2008.09.04 10:59 B F:\mysql ins cpy\wamp\www\corex\item\home01.jpg --> www.corexbd.com /public_html/item home01.jpg
2008.09.04 10:59 B F:\mysql ins cpy\wamp\www\corex\item\home02.jpg --> www.corexbd.com /public_html/item home02.jpg
2008.09.04 10:59 B F:\mysql ins cpy\wamp\www\corex\item\home03.jpg --> www.corexbd.com /public_html/item home03.jpg
2008.09.04 10:59 B F:\mysql ins cpy\wamp\www\corex\item\home04.jpg --> www.corexbd.com /public_html/item home04.jpg
2008.09.04 10:59 B F:\mysql ins cpy\wamp\www\corex\item\jumbo-13.gif --> www.corexbd.com /public_html/item jumbo-13.gif
2008.09.04 10:59 B F:\mysql ins cpy\wamp\www\corex\item\logo.jpg --> www.corexbd.com /public_html/item logo.jpg
2008.09.04 10:59 B F:\mysql ins cpy\wamp\www\corex\item\logo.png --> www.corexbd.com /public_html/item logo.png
2008.09.04 10:59 B F:\mysql ins cpy\wamp\www\corex\item\main.jpg --> www.corexbd.com /public_html/item main.jpg
2008.09.04 11:00 B F:\mysql ins cpy\wamp\www\corex\item\map.jpg --> www.corexbd.com /public_html/item map.jpg
2008.09.04 11:00 B F:\mysql ins cpy\wamp\www\corex\item\menu_sep.gif --> www.corexbd.com /public_html/item menu_sep.gif
2008.09.04 11:00 B F:\mysql ins cpy\wamp\www\corex\item\net01.jpg --> www.corexbd.com /public_html/item net01.jpg
2008.09.04 11:00 B F:\mysql ins cpy\wamp\www\corex\item\net02.jpg --> www.corexbd.com /public_html/item net02.jpg
2008.09.04 11:00 B F:\mysql ins cpy\wamp\www\corex\item\office.jpg --> www.corexbd.com /public_html/item office.jpg
2008.09.04 11:00 B F:\mysql ins cpy\wamp\www\corex\item\office02.jpg --> www.corexbd.com /public_html/item office02.jpg
2008.09.04 11:00 B F:\mysql ins cpy\wamp\www\corex\item\point.jpg --> www.corexbd.com /public_html/item point.jpg
2008.09.04 11:00 B F:\mysql ins cpy\wamp\www\corex\item\point2.jpg --> www.corexbd.com /public_html/item point2.jpg
2008.09.04 11:00 B F:\mysql ins cpy\wamp\www\corex\item\point3.jpg --> www.corexbd.com /public_html/item point3.jpg
2008.09.04 11:00 B F:\mysql ins cpy\wamp\www\corex\item\service01.jpg --> www.corexbd.com /public_html/item service01.jpg
2008.09.04 11:00 B F:\mysql ins cpy\wamp\www\corex\item\service02.jpg --> www.corexbd.com /public_html/item service02.jpg
2008.09.04 11:00 B F:\mysql ins cpy\wamp\www\corex\item\service03.jpg --> www.corexbd.com /public_html/item service03.jpg
2008.09.04 11:00 B F:\mysql ins cpy\wamp\www\corex\item\service04.jpg --> www.corexbd.com /public_html/item service04.jpg
2008.09.04 11:01 B F:\mysql ins cpy\wamp\www\corex\item\service05.jpg --> www.corexbd.com /public_html/item service05.jpg
2008.09.04 11:01 B F:\mysql ins cpy\wamp\www\corex\item\service06.jpg --> www.corexbd.com /public_html/item service06.jpg
2008.09.04 11:01 B F:\mysql ins cpy\wamp\www\corex\item\service07.jpg --> www.corexbd.com /public_html/item service07.jpg
2008.09.04 11:01 B F:\mysql ins cpy\wamp\www\corex\item\service08.jpg --> www.corexbd.com /public_html/item service08.jpg
2008.09.04 11:01 B F:\mysql ins cpy\wamp\www\corex\item\temp01.jpg --> www.corexbd.com /public_html/item temp01.jpg
2008.09.04 11:01 B F:\mysql ins cpy\wamp\www\corex\item\top.jpg --> www.corexbd.com /public_html/item top.jpg
